[Wed Oct 15 19:26:18.514 2008] [88324] creating server socket on 127.0.0.1:3312
[Wed Oct 15 19:26:18.514 2008] [88324] accepting connections
[Wed Oct 15 19:26:28.678 2008] [88338] WARNING: ill-formed client request (length=1414541105 out of bounds)
[Wed Oct 15 21:08:51.488 2008] [88324] rotating indices (seamless=1)
[Wed Oct 15 21:08:51.505 2008] [88324] rotating index 'page_core': success
[Wed Oct 15 21:08:51.505 2008] [88324] rotating finished
[Wed Oct 15 21:09:09.342 2008] [88324] caught SIGTERM, shutting down
[Wed Oct 15 21:09:09.343 2008] [88324] shutdown complete
[Wed Oct 15 21:09:09.360 2008] [89318] creating server socket on 127.0.0.1:3312
[Wed Oct 15 21:09:09.360 2008] [89318] accepting connections
[Wed Oct 15 21:10:08.218 2008] [89318] rotating indices (seamless=1)
[Wed Oct 15 21:10:08.223 2008] [89318] rotating index 'page_core': success
[Wed Oct 15 21:10:08.224 2008] [89318] rotating finished
[Wed Oct 15 21:10:33.552 2008] [89318] rotating indices (seamless=1)
[Wed Oct 15 21:10:33.558 2008] [89318] rotating index 'page_core': success
[Wed Oct 15 21:10:33.559 2008] [89318] rotating finished
[Wed Oct 15 21:11:56.301 2008] [89318] rotating indices (seamless=1)
[Wed Oct 15 21:11:56.311 2008] [89318] rotating index 'page_core': success
[Wed Oct 15 21:11:56.311 2008] [89318] rotating finished
[Mon Oct 20 22:10:09.825 2008] [89318] caught SIGTERM, shutting down
[Mon Oct 20 22:10:11.067 2008] [89318] shutdown complete
[Tue Dec 23 02:59:02.920 2008] [94137] accepting connections
[Tue Dec 23 02:59:15.760 2008] [94148] WARNING: ill-formed client request (length=1414541105 out of bounds)
[Tue Dec 23 14:28:39.949 2008] [94137] caught SIGTERM, shutting down
[Tue Dec 23 14:28:39.967 2008] [94137] shutdown complete
[Mon Dec 29 03:48:44.643 2008] [72725] accepting connections
[Tue Dec 30 19:35:45.047 2008] [72725] caught SIGTERM, shutting down
[Tue Dec 30 19:35:45.630 2008] [72725] shutdown complete
[Sat Jan  3 19:00:52.833 2009] [ 4626] accepting connections
